#! /usr/local/bin/vvp
:ivl_version "11.0 (devel)" "(s20150603-597-gdc5429e5)";
:ivl_delay_selection "TYPICAL";
:vpi_time_precision + 0;
:vpi_module "system";
:vpi_module "vhdl_sys";
:vpi_module "vhdl_textio";
:vpi_module "v2005_math";
:vpi_module "va_math";
S_0x28827d0 .scope module, "testDecodeFamilies" "testDecodeFamilies" 2 24;
 .timescale 0 0;
v0x28b0f90_0 .net "f", 15 0, v0x286f8d0_0;  1 drivers
v0x28b1080_0 .var "ir", 31 0;
S_0x2882960 .scope module, "moduleA" "decodeFamily" 2 28, 3 25 0, S_0x28827d0;
 .timescale 0 0;
    .port_info 0 /INPUT 32 "ir";
    .port_info 1 /OUTPUT 16 "f";
v0x286f8d0_0 .var "f", 15 0;
v0x28b0d60_0 .net "ir", 31 0, v0x28b1080_0;  1 drivers
L_0x7ff5858f2018 .functor BUFT 1, C4<0000000000000001>, C4<0>, C4<0>, C4<0>;
v0x28b0e40_0 .net "mask", 15 0, L_0x7ff5858f2018;  1 drivers
E_0x2883310 .event edge, v0x28b0d60_0;
    .scope S_0x2882960;
T_0 ;
    %wait E_0x2883310;
    %load/vec4 v0x28b0d60_0;
    %parti/s 3, 25, 6;
    %dup/vec4;
    %pushi/vec4 0, 0, 3;
    %cmp/u;
    %jmp/1 T_0.0, 6;
    %dup/vec4;
    %pushi/vec4 1, 0, 3;
    %cmp/u;
    %jmp/1 T_0.1, 6;
    %dup/vec4;
    %pushi/vec4 2, 0, 3;
    %cmp/u;
    %jmp/1 T_0.2, 6;
    %dup/vec4;
    %pushi/vec4 3, 0, 3;
    %cmp/u;
    %jmp/1 T_0.3, 6;
    %dup/vec4;
    %pushi/vec4 4, 0, 3;
    %cmp/u;
    %jmp/1 T_0.4, 6;
    %dup/vec4;
    %pushi/vec4 5, 0, 3;
    %cmp/u;
    %jmp/1 T_0.5, 6;
    %dup/vec4;
    %pushi/vec4 6, 0, 3;
    %cmp/u;
    %jmp/1 T_0.6, 6;
    %dup/vec4;
    %pushi/vec4 7, 0, 3;
    %cmp/u;
    %jmp/1 T_0.7, 6;
    %jmp T_0.8;
T_0.0 ;
    %load/vec4 v0x28b0d60_0;
    %parti/s 3, 22, 6;
    %pushi/vec4 0, 0, 3;
    %cmp/e;
    %flag_get/vec4 4;
    %load/vec4 v0x28b0d60_0;
    %parti/s 4, 4, 4;
    %pushi/vec4 9, 0, 4;
    %cmp/e;
    %flag_get/vec4 4;
    %and;
    %flag_set/vec4 8;
    %jmp/0xz  T_0.9, 8;
    %load/vec4 v0x28b0e40_0;
    %ix/load 4, 3, 0;
    %flag_set/imm 4, 0;
    %shiftl 4;
    %store/vec4 v0x286f8d0_0, 0, 16;
    %jmp T_0.10;
T_0.9 ;
    %load/vec4 v0x28b0d60_0;
    %parti/s 2, 23, 6;
    %pushi/vec4 1, 0, 2;
    %cmp/e;
    %flag_get/vec4 4;
    %load/vec4 v0x28b0d60_0;
    %parti/s 4, 4, 4;
    %pushi/vec4 9, 0, 4;
    %cmp/e;
    %flag_get/vec4 4;
    %and;
    %flag_set/vec4 8;
    %jmp/0xz  T_0.11, 8;
    %load/vec4 v0x28b0e40_0;
    %ix/load 4, 4, 0;
    %flag_set/imm 4, 0;
    %shiftl 4;
    %store/vec4 v0x286f8d0_0, 0, 16;
    %jmp T_0.12;
T_0.11 ;
    %load/vec4 v0x28b0d60_0;
    %parti/s 2, 23, 6;
    %pushi/vec4 2, 0, 2;
    %cmp/e;
    %flag_get/vec4 4;
    %load/vec4 v0x28b0d60_0;
    %parti/s 2, 20, 6;
    %pushi/vec4 0, 0, 2;
    %cmp/e;
    %flag_get/vec4 4;
    %and;
    %flag_set/vec4 8;
    %jmp/0xz  T_0.13, 8;
    %load/vec4 v0x28b0d60_0;
    %parti/s 4, 4, 4;
    %cmpi/e 9, 0, 4;
    %jmp/0xz  T_0.15, 4;
    %load/vec4 v0x28b0e40_0;
    %ix/load 4, 12, 0;
    %flag_set/imm 4, 0;
    %shiftl 4;
    %store/vec4 v0x286f8d0_0, 0, 16;
    %jmp T_0.16;
T_0.15 ;
    %load/vec4 v0x28b0e40_0;
    %ix/load 4, 5, 0;
    %flag_set/imm 4, 0;
    %shiftl 4;
    %store/vec4 v0x286f8d0_0, 0, 16;
T_0.16 ;
    %jmp T_0.14;
T_0.13 ;
    %load/vec4 v0x28b0d60_0;
    %parti/s 2, 23, 6;
    %pushi/vec4 2, 0, 2;
    %cmp/e;
    %flag_get/vec4 4;
    %load/vec4 v0x28b0d60_0;
    %parti/s 2, 20, 6;
    %pushi/vec4 2, 0, 2;
    %cmp/e;
    %flag_get/vec4 4;
    %and;
    %load/vec4 v0x28b0d60_0;
    %parti/s 1, 4, 4;
    %pushi/vec4 0, 0, 1;
    %cmp/e;
    %flag_get/vec4 4;
    %and;
    %flag_set/vec4 8;
    %jmp/0xz  T_0.17, 8;
    %load/vec4 v0x28b0e40_0;
    %ix/load 4, 7, 0;
    %flag_set/imm 4, 0;
    %shiftl 4;
    %store/vec4 v0x286f8d0_0, 0, 16;
    %jmp T_0.18;
T_0.17 ;
    %load/vec4 v0x28b0d60_0;
    %parti/s 1, 4, 4;
    %cmpi/e 0, 0, 1;
    %jmp/0xz  T_0.19, 4;
    %load/vec4 v0x28b0e40_0;
    %ix/load 4, 1, 0;
    %flag_set/imm 4, 0;
    %shiftl 4;
    %store/vec4 v0x286f8d0_0, 0, 16;
    %jmp T_0.20;
T_0.19 ;
    %load/vec4 v0x28b0d60_0;
    %parti/s 1, 7, 4;
    %cmpi/e 0, 0, 1;
    %jmp/0xz  T_0.21, 4;
    %load/vec4 v0x28b0e40_0;
    %ix/load 4, 2, 0;
    %flag_set/imm 4, 0;
    %shiftl 4;
    %store/vec4 v0x286f8d0_0, 0, 16;
    %jmp T_0.22;
T_0.21 ;
    %load/vec4 v0x28b0d60_0;
    %parti/s 1, 22, 6;
    %cmpi/e 0, 0, 1;
    %jmp/0xz  T_0.23, 4;
    %load/vec4 v0x28b0e40_0;
    %ix/load 4, 11, 0;
    %flag_set/imm 4, 0;
    %shiftl 4;
    %store/vec4 v0x286f8d0_0, 0, 16;
    %jmp T_0.24;
T_0.23 ;
    %load/vec4 v0x28b0e40_0;
    %ix/load 4, 10, 0;
    %flag_set/imm 4, 0;
    %shiftl 4;
    %store/vec4 v0x286f8d0_0, 0, 16;
T_0.24 ;
T_0.22 ;
T_0.20 ;
T_0.18 ;
T_0.14 ;
T_0.12 ;
T_0.10 ;
    %jmp T_0.8;
T_0.1 ;
    %load/vec4 v0x28b0d60_0;
    %parti/s 2, 23, 6;
    %pushi/vec4 2, 0, 2;
    %cmp/e;
    %flag_get/vec4 4;
    %load/vec4 v0x28b0d60_0;
    %parti/s 2, 20, 6;
    %pushi/vec4 2, 0, 2;
    %cmp/e;
    %flag_get/vec4 4;
    %and;
    %flag_set/vec4 8;
    %jmp/0xz  T_0.25, 8;
    %load/vec4 v0x28b0e40_0;
    %ix/load 4, 6, 0;
    %flag_set/imm 4, 0;
    %shiftl 4;
    %store/vec4 v0x286f8d0_0, 0, 16;
    %jmp T_0.26;
T_0.25 ;
    %load/vec4 v0x28b0e40_0;
    %store/vec4 v0x286f8d0_0, 0, 16;
T_0.26 ;
    %jmp T_0.8;
T_0.2 ;
    %load/vec4 v0x28b0e40_0;
    %ix/load 4, 8, 0;
    %flag_set/imm 4, 0;
    %shiftl 4;
    %store/vec4 v0x286f8d0_0, 0, 16;
    %jmp T_0.8;
T_0.3 ;
    %load/vec4 v0x28b0d60_0;
    %parti/s 1, 4, 4;
    %cmpi/e 0, 0, 1;
    %jmp/0xz  T_0.27, 4;
    %load/vec4 v0x28b0e40_0;
    %ix/load 4, 9, 0;
    %flag_set/imm 4, 0;
    %shiftl 4;
    %store/vec4 v0x286f8d0_0, 0, 16;
    %jmp T_0.28;
T_0.27 ;
    %load/vec4 v0x28b0e40_0;
    %ix/load 4, 15, 0;
    %flag_set/imm 4, 0;
    %shiftl 4;
    %store/vec4 v0x286f8d0_0, 0, 16;
T_0.28 ;
    %jmp T_0.8;
T_0.4 ;
    %load/vec4 v0x28b0e40_0;
    %ix/load 4, 13, 0;
    %flag_set/imm 4, 0;
    %shiftl 4;
    %store/vec4 v0x286f8d0_0, 0, 16;
    %jmp T_0.8;
T_0.5 ;
    %load/vec4 v0x28b0e40_0;
    %ix/load 4, 14, 0;
    %flag_set/imm 4, 0;
    %shiftl 4;
    %store/vec4 v0x286f8d0_0, 0, 16;
    %jmp T_0.8;
T_0.6 ;
    %pushi/vec4 0, 0, 16;
    %store/vec4 v0x286f8d0_0, 0, 16;
    %jmp T_0.8;
T_0.7 ;
    %pushi/vec4 0, 0, 16;
    %store/vec4 v0x286f8d0_0, 0, 16;
    %jmp T_0.8;
T_0.8 ;
    %pop/vec4 1;
    %jmp T_0;
    .thread T_0, $push;
    .scope S_0x28827d0;
T_1 ;
    %vpi_call 2 31 "$display", "<< Starting the Testbench >>" {0 0 0};
    %pushi/vec4 0, 0, 32;
    %store/vec4 v0x28b1080_0, 0, 32;
    %vpi_call 2 33 "$display", "@%3d START ir set to    : %h", $time, v0x28b1080_0 {0 0 0};
    %delay 5, 0;
    %vpi_call 2 35 "$display", "@%3d START resulted in f: %8h\012", $time, v0x28b0f90_0 {0 0 0};
    %vpi_call 2 37 "$display", "<< Testing all testing formulas with x = 0 >>" {0 0 0};
    %delay 10, 0;
    %pushi/vec4 33554432, 0, 32;
    %store/vec4 v0x28b1080_0, 0, 32;
    %vpi_call 2 58 "$write", "@%3d ir set to: %h -> ", $time, v0x28b1080_0 {0 0 0};
    %delay 10, 0;
    %vpi_call 2 60 "$display", "@%3d f: %4h", $time, v0x28b0f90_0 {0 0 0};
    %pushi/vec4 0, 0, 32;
    %store/vec4 v0x28b1080_0, 0, 32;
    %vpi_call 2 63 "$write", "@%3d ir set to: %h -> ", $time, v0x28b1080_0 {0 0 0};
    %delay 10, 0;
    %vpi_call 2 65 "$display", "@%3d f: %4h", $time, v0x28b0f90_0 {0 0 0};
    %pushi/vec4 16, 0, 32;
    %store/vec4 v0x28b1080_0, 0, 32;
    %vpi_call 2 68 "$write", "@%3d ir set to: %h -> ", $time, v0x28b1080_0 {0 0 0};
    %delay 10, 0;
    %vpi_call 2 70 "$display", "@%3d f: %4h", $time, v0x28b0f90_0 {0 0 0};
    %pushi/vec4 144, 0, 32;
    %store/vec4 v0x28b1080_0, 0, 32;
    %vpi_call 2 73 "$write", "@%3d ir set to: %h -> ", $time, v0x28b1080_0 {0 0 0};
    %delay 10, 0;
    %vpi_call 2 75 "$display", "@%3d f: %4h", $time, v0x28b0f90_0 {0 0 0};
    %pushi/vec4 8388752, 0, 32;
    %store/vec4 v0x28b1080_0, 0, 32;
    %vpi_call 2 78 "$write", "@%3d ir set to: %h -> ", $time, v0x28b1080_0 {0 0 0};
    %delay 10, 0;
    %vpi_call 2 80 "$display", "@%3d f: %4h", $time, v0x28b0f90_0 {0 0 0};
    %pushi/vec4 16777216, 0, 32;
    %store/vec4 v0x28b1080_0, 0, 32;
    %vpi_call 2 83 "$write", "@%3d ir set to: %h -> ", $time, v0x28b1080_0 {0 0 0};
    %delay 10, 0;
    %vpi_call 2 85 "$display", "@%3d f: %4h", $time, v0x28b0f90_0 {0 0 0};
    %pushi/vec4 52428800, 0, 32;
    %store/vec4 v0x28b1080_0, 0, 32;
    %vpi_call 2 88 "$write", "@%3d ir set to: %h -> ", $time, v0x28b1080_0 {0 0 0};
    %delay 10, 0;
    %vpi_call 2 90 "$display", "@%3d f: %4h", $time, v0x28b0f90_0 {0 0 0};
    %pushi/vec4 18874368, 0, 32;
    %store/vec4 v0x28b1080_0, 0, 32;
    %vpi_call 2 93 "$write", "@%3d ir set to: %h -> ", $time, v0x28b1080_0 {0 0 0};
    %delay 10, 0;
    %vpi_call 2 95 "$display", "@%3d f: %4h", $time, v0x28b0f90_0 {0 0 0};
    %pushi/vec4 67108864, 0, 32;
    %store/vec4 v0x28b1080_0, 0, 32;
    %vpi_call 2 98 "$write", "@%3d ir set to: %h -> ", $time, v0x28b1080_0 {0 0 0};
    %delay 10, 0;
    %vpi_call 2 100 "$display", "@%3d f: %4h", $time, v0x28b0f90_0 {0 0 0};
    %pushi/vec4 100663296, 0, 32;
    %store/vec4 v0x28b1080_0, 0, 32;
    %vpi_call 2 103 "$write", "@%3d ir set to: %h -> ", $time, v0x28b1080_0 {0 0 0};
    %delay 10, 0;
    %vpi_call 2 105 "$display", "@%3d f: %4h", $time, v0x28b0f90_0 {0 0 0};
    %pushi/vec4 4194448, 0, 32;
    %store/vec4 v0x28b1080_0, 0, 32;
    %vpi_call 2 108 "$write", "@%3d ir set to: %h -> ", $time, v0x28b1080_0 {0 0 0};
    %delay 10, 0;
    %vpi_call 2 110 "$display", "@%3d f: %4h", $time, v0x28b0f90_0 {0 0 0};
    %pushi/vec4 208, 0, 32;
    %store/vec4 v0x28b1080_0, 0, 32;
    %vpi_call 2 113 "$write", "@%3d ir set to: %h -> ", $time, v0x28b1080_0 {0 0 0};
    %delay 10, 0;
    %vpi_call 2 115 "$display", "@%3d f: %4h", $time, v0x28b0f90_0 {0 0 0};
    %pushi/vec4 16777360, 0, 32;
    %store/vec4 v0x28b1080_0, 0, 32;
    %vpi_call 2 118 "$write", "@%3d ir set to: %h -> ", $time, v0x28b1080_0 {0 0 0};
    %delay 10, 0;
    %vpi_call 2 120 "$display", "@%3d f: %4h", $time, v0x28b0f90_0 {0 0 0};
    %pushi/vec4 134217728, 0, 32;
    %store/vec4 v0x28b1080_0, 0, 32;
    %vpi_call 2 123 "$write", "@%3d ir set to: %h -> ", $time, v0x28b1080_0 {0 0 0};
    %delay 10, 0;
    %vpi_call 2 125 "$display", "@%3d f: %4h", $time, v0x28b0f90_0 {0 0 0};
    %pushi/vec4 167772160, 0, 32;
    %store/vec4 v0x28b1080_0, 0, 32;
    %vpi_call 2 128 "$write", "@%3d ir set to: %h -> ", $time, v0x28b1080_0 {0 0 0};
    %delay 10, 0;
    %vpi_call 2 130 "$display", "@%3d f: %4h", $time, v0x28b0f90_0 {0 0 0};
    %pushi/vec4 100663312, 0, 32;
    %store/vec4 v0x28b1080_0, 0, 32;
    %vpi_call 2 133 "$write", "@%3d ir set to: %h -> ", $time, v0x28b1080_0 {0 0 0};
    %delay 10, 0;
    %vpi_call 2 135 "$display", "@%3d f: %4h", $time, v0x28b0f90_0 {0 0 0};
    %end;
    .thread T_1;
# The file index is used to find the file name in the following table.
:file_names 4;
    "N/A";
    "<interactive>";
    "decodeFamilies_test.v";
    "./decodeFamilies.v";
